[debug] [2023-11-26T14:00:52.085Z] ----------------------------------------------------------------------
[debug] [2023-11-26T14:00:52.091Z] Command:       E:\Node Js\node.exe C:\Users\User\AppData\Roaming\npm\node_modules\firebase-tools\lib\bin\firebase.js init
[debug] [2023-11-26T14:00:52.092Z] CLI Version:   12.9.1
[debug] [2023-11-26T14:00:52.093Z] Platform:      win32
[debug] [2023-11-26T14:00:52.093Z] Node Version:  v21.2.0
[debug] [2023-11-26T14:00:52.093Z] Time:          Sun Nov 26 2023 20:30:52 GMT+0630 (Myanmar Time)
[debug] [2023-11-26T14:00:52.121Z] ----------------------------------------------------------------------
[debug] 
[debug] [2023-11-26T14:00:52.144Z] > command requires scopes: ["email","openid","https://www.googleapis.com/auth/cloudplatformprojects.readonly","https://www.googleapis.com/auth/firebase","https://www.googleapis.com/auth/cloud-platform"]
[debug] [2023-11-26T14:00:52.145Z] > authorizing via signed-in user (thantlinnaing0000@gmail.com)
[info] 
     ######## #### ########  ######## ########     ###     ######  ########
     ##        ##  ##     ## ##       ##     ##  ##   ##  ##       ##
     ######    ##  ########  ######   ########  #########  ######  ######
     ##        ##  ##    ##  ##       ##     ## ##     ##       ## ##
     ##       #### ##     ## ######## ########  ##     ##  ######  ########

You're about to initialize a Firebase project in this directory:

  E:\Xiaomi\my-english-grammar-app

[info] 
=== Project Setup
[info] 
[info] First, let's associate this project directory with a Firebase project.
[info] You can create multiple project aliases by running firebase use --add, 
[info] but for now we'll just set up a default project.
[info] 

